<?xml version="1.0" encoding="UTF-8"?>
<!-- Generated by org.testng.reporters.JUnitReportReporter -->
<testsuite hostname="DESKTOP-3NLNO6U" failures="0" tests="1" name="Assigment.Currency.CCWithIntrBankForPreviousDatesTC" time="28.972" errors="0" timestamp="2021-01-26T23:32:13 CST" skipped="0">
  <testcase classname="Assigment.Currency.CCWithIntrBankForPreviousDatesTC" name="currencyWithIntrabank" time="28.972"/>
  <system-out/>
</testsuite> <!-- Assigment.Currency.CCWithIntrBankForPreviousDatesTC -->
