<?xml version="1.0" encoding="UTF-8"?>
<!-- Generated by org.testng.reporters.JUnitReportReporter -->
<testsuite hostname="DESKTOP-3NLNO6U" failures="0" tests="1" name="Assigment.Currency.LoginTestCase" time="4.024" errors="0" timestamp="2021-01-26T14:40:36 CST" skipped="0">
  <testcase classname="Assigment.Currency.LoginTestCase" name="loginTest" time="4.024"/>
  <system-out/>
</testsuite> <!-- Assigment.Currency.LoginTestCase -->
