<?xml version="1.0" encoding="UTF-8"?>
<!-- Generated by org.testng.reporters.JUnitReportReporter -->
<testsuite hostname="DESKTOP-3NLNO6U" failures="0" tests="3" name="Assigment.Currency.CurrencyConvertTestCase" time="94.345" errors="0" timestamp="2021-01-26T19:53:06 CST" skipped="0">
  <testcase classname="Assigment.Currency.CurrencyConvertTestCase" name="currencyWithIntrabank" time="30.186"/>
  <system-out/>
  <testcase classname="Assigment.Currency.CurrencyConvertTestCase" name="currencyWithIntrabank" time="29.170"/>
  <system-out/>
  <testcase classname="Assigment.Currency.CurrencyConvertTestCase" name="currencyWithIntrabank" time="34.989"/>
  <system-out/>
</testsuite> <!-- Assigment.Currency.CurrencyConvertTestCase -->
