<?xml version="1.0" encoding="UTF-8"?>
<!-- Generated by org.testng.reporters.JUnitReportReporter -->
<testsuite hostname="DESKTOP-3NLNO6U" failures="0" tests="2" name="Assigment.Currency.ValidationTestCase" time="0.367" errors="0" timestamp="2021-01-27T00:16:56 CST" skipped="0">
  <testcase classname="Assigment.Currency.ValidationTestCase" name="validatePageTitle" time="0.191"/>
  <system-out/>
  <testcase classname="Assigment.Currency.ValidationTestCase" name="validatePrintLinkAndClickOnRadioBtn" time="0.176"/>
  <system-out/>
</testsuite> <!-- Assigment.Currency.ValidationTestCase -->
