<?xml version="1.0" encoding="UTF-8"?>
<!-- Generated by org.testng.reporters.JUnitReportReporter -->
<testsuite hostname="DESKTOP-3NLNO6U" failures="0" tests="3" name="Assigment.Currency.CurrencyConverstionWithFilperTC2" time="15.740" errors="0" timestamp="2021-01-27T01:09:17 CST" skipped="0">
  <testcase classname="Assigment.Currency.CurrencyConverstionWithFilperTC2" name="fiplerTest" time="6.780"/>
  <system-out/>
  <testcase classname="Assigment.Currency.CurrencyConverstionWithFilperTC2" name="fiplerTest" time="5.062"/>
  <system-out/>
  <testcase classname="Assigment.Currency.CurrencyConverstionWithFilperTC2" name="fiplerTest" time="3.898"/>
  <system-out/>
</testsuite> <!-- Assigment.Currency.CurrencyConverstionWithFilperTC2 -->
